0 info it worked if it ends with ok
1 verbose cli [ '/usr/local/bin/node', '/usr/local/bin/npm', 'run', 'build' ]
2 info using npm@3.3.12
3 info using node@v5.4.0
4 verbose run-script [ 'prebuild', 'build', 'postbuild' ]
5 info lifecycle forecastr-app@1.0.0~prebuild: forecastr-app@1.0.0
6 silly lifecycle forecastr-app@1.0.0~prebuild: no script for prebuild, continuing
7 info lifecycle forecastr-app@1.0.0~build: forecastr-app@1.0.0
8 verbose lifecycle forecastr-app@1.0.0~build: unsafe-perm in lifecycle true
9 verbose lifecycle forecastr-app@1.0.0~build: PATH: /usr/local/lib/node_modules/npm/bin/node-gyp-bin:/Users/sylvainfaucherand/Documents/git/forecastr-app/node_modules/.bin:/Users/sylvainfaucherand/.rvm/gems/ruby-2.1.1/bin:/Users/sylvainfaucherand/.rvm/gems/ruby-2.1.1@global/bin:/Users/sylvainfaucherand/.rvm/rubies/ruby-2.1.1/bin:/usr/local/sbin:/usr/local/bin:/usr/bin:/bin:/usr/sbin:/sbin:/Users/sylvainfaucherand/.rvm/bin
10 verbose lifecycle forecastr-app@1.0.0~build: CWD: /Users/sylvainfaucherand/Documents/git/forecastr-app
11 silly lifecycle forecastr-app@1.0.0~build: Args: [ '-c', 'mkdir -p public && webpack' ]
12 silly lifecycle forecastr-app@1.0.0~build: Returned: code: 1  signal: null
13 info lifecycle forecastr-app@1.0.0~build: Failed to exec build script
14 verbose stack Error: forecastr-app@1.0.0 build: `mkdir -p public && webpack`
14 verbose stack Exit status 1
14 verbose stack     at EventEmitter.<anonymous> (/usr/local/lib/node_modules/npm/lib/utils/lifecycle.js:232:16)
14 verbose stack     at emitTwo (events.js:87:13)
14 verbose stack     at EventEmitter.emit (events.js:172:7)
14 verbose stack     at ChildProcess.<anonymous> (/usr/local/lib/node_modules/npm/lib/utils/spawn.js:24:14)
14 verbose stack     at emitTwo (events.js:87:13)
14 verbose stack     at ChildProcess.emit (events.js:172:7)
14 verbose stack     at maybeClose (internal/child_process.js:821:16)
14 verbose stack     at Process.ChildProcess._handle.onexit (internal/child_process.js:211:5)
15 verbose pkgid forecastr-app@1.0.0
16 verbose cwd /Users/sylvainfaucherand/Documents/git/forecastr-app
17 error Darwin 15.2.0
18 error argv "/usr/local/bin/node" "/usr/local/bin/npm" "run" "build"
19 error node v5.4.0
20 error npm  v3.3.12
21 error code ELIFECYCLE
22 error forecastr-app@1.0.0 build: `mkdir -p public && webpack`
22 error Exit status 1
23 error Failed at the forecastr-app@1.0.0 build script 'mkdir -p public && webpack'.
23 error Make sure you have the latest version of node.js and npm installed.
23 error If you do, this is most likely a problem with the forecastr-app package,
23 error not with npm itself.
23 error Tell the author that this fails on your system:
23 error     mkdir -p public && webpack
23 error You can get their info via:
23 error     npm owner ls forecastr-app
23 error There is likely additional logging output above.
24 verbose exit [ 1, true ]
